<?xml version="1.0" encoding="UTF-8"?>
<!-- Generated by org.testng.reporters.JUnitReportReporter -->
<testsuite hostname="lucas-HP-1000-Notebook-PC" failures="0" tests="1" name="com.example.tests.CT01ValidarLayout" time="11.942" errors="0" timestamp="2020-05-27T22:13:12 BRT" skipped="0">
  <testcase classname="com.example.tests.CT01ValidarLayout" name="testCT01ValidarLayout" time="11.942"/>
  <system-out/>
</testsuite> <!-- com.example.tests.CT01ValidarLayout -->
